\BOOKMARK [1][-]{section.1}{Introduction}{}% 1
\BOOKMARK [1][-]{section.2}{Background}{}% 2
\BOOKMARK [2][-]{subsection.2.1}{Time Synchronization}{section.2}% 3
\BOOKMARK [2][-]{subsection.2.2}{Consensus Algorithms and Durability}{section.2}% 4
\BOOKMARK [2][-]{subsection.2.3}{Routing in the GDP}{section.2}% 5
\BOOKMARK [1][-]{section.3}{System Architecture}{}% 6
\BOOKMARK [1][-]{section.4}{Algorithms and Implementation}{}% 7
\BOOKMARK [2][-]{subsection.4.1}{Programming Tools}{section.4}% 8
\BOOKMARK [2][-]{subsection.4.2}{Initalization}{section.4}% 9
\BOOKMARK [2][-]{subsection.4.3}{Strict Two-Phase Locking}{section.4}% 10
\BOOKMARK [2][-]{subsection.4.4}{Optimistic Concurrency Control}{section.4}% 11
\BOOKMARK [2][-]{subsection.4.5}{Initialization}{section.4}% 12
\BOOKMARK [2][-]{subsection.4.6}{Pseudo-Paxos and Pseudo-Byzantine Agreement}{section.4}% 13
\BOOKMARK [2][-]{subsection.4.7}{Remote Method Invocation}{section.4}% 14
\BOOKMARK [1][-]{section.5}{Experiments and Results}{}% 15
\BOOKMARK [2][-]{subsection.5.1}{Experimental Setup}{section.5}% 16
\BOOKMARK [2][-]{subsection.5.2}{High Conflict Transactions}{section.5}% 17
\BOOKMARK [2][-]{subsection.5.3}{Bank Application}{section.5}% 18
\BOOKMARK [2][-]{subsection.5.4}{Hot Spot Reads}{section.5}% 19
\BOOKMARK [1][-]{section.6}{Future Work}{}% 20
\BOOKMARK [1][-]{section.7}{Conclusion}{}% 21
\BOOKMARK [1][-]{section.8}{Acknowledgements}{}% 22
